<?xml version="1.0" encoding="UTF-8"?>
<testng-results ignored="0" total="1" passed="1" failed="0" skipped="0">
  <reporter-output>
  </reporter-output>
  <suite started-at="2025-03-28T15:45:12 ICT" name="Orangehrm_Sanity_Suite" finished-at="2025-03-28T15:45:23 ICT" duration-ms="10690">
    <groups>
      <group name="sanity1">
        <method signature="ForgotPasswordPageTest.testForgotPasswordHeaderText()[pri:0, instance:com.orangehrm.tests.ForgotPasswordPageTest@41709512]" name="testForgotPasswordHeaderText" class="com.orangehrm.tests.ForgotPasswordPageTest"/>
      </group> <!-- sanity1 -->
    </groups>
    <test started-at="2025-03-28T15:45:12 ICT" name="Orangehrm_ForgotPasswordPage_Sanity_Test" finished-at="2025-03-28T15:45:23 ICT" duration-ms="10690">
      <class name="com.orangehrm.tests.ForgotPasswordPageTest">
        <test-method is-config="true" signature="beforeSuite(org.testng.ITestContext)[pri:0, instance:com.orangehrm.tests.ForgotPasswordPageTest@41709512]" started-at="2025-03-28T15:45:12 ICT" name="beforeSuite" finished-at="2025-03-28T15:45:12 ICT" duration-ms="385" status="PASS">
          <params>
            <param index="0">
              <value>
                <![CDATA[org.testng.TestRunner@5b3f3ba0]]>
              </value>
            </param>
          </params>
          <reporter-output>
          </reporter-output>
        </test-method> <!-- beforeSuite -->
        <test-method is-config="true" signature="setUpTest(org.testng.ITestContext)[pri:0, instance:com.orangehrm.tests.ForgotPasswordPageTest@41709512]" started-at="2025-03-28T15:45:12 ICT" name="setUpTest" finished-at="2025-03-28T15:45:12 ICT" duration-ms="5" status="PASS">
          <params>
            <param index="0">
              <value>
                <![CDATA[org.testng.TestRunner@5b3f3ba0]]>
              </value>
            </param>
          </params>
          <reporter-output>
          </reporter-output>
        </test-method> <!-- setUpTest -->
        <test-method is-config="true" signature="setUp()[pri:0, instance:com.orangehrm.tests.ForgotPasswordPageTest@41709512]" started-at="2025-03-28T15:45:12 ICT" name="setUp" finished-at="2025-03-28T15:45:17 ICT" duration-ms="5039" status="PASS">
          <reporter-output>
          </reporter-output>
        </test-method> <!-- setUp -->
        <test-method is-config="true" signature="setUpPageForgotPassword()[pri:0, instance:com.orangehrm.tests.ForgotPasswordPageTest@41709512]" started-at="2025-03-28T15:45:17 ICT" name="setUpPageForgotPassword" finished-at="2025-03-28T15:45:22 ICT" duration-ms="4320" status="PASS">
          <reporter-output>
          </reporter-output>
        </test-method> <!-- setUpPageForgotPassword -->
        <test-method signature="testForgotPasswordHeaderText()[pri:0, instance:com.orangehrm.tests.ForgotPasswordPageTest@41709512]" started-at="2025-03-28T15:45:22 ICT" name="testForgotPasswordHeaderText" finished-at="2025-03-28T15:45:22 ICT" duration-ms="643" status="PASS">
          <reporter-output>
          </reporter-output>
        </test-method> <!-- testForgotPasswordHeaderText -->
        <test-method is-config="true" signature="tearDown(org.testng.ITestResult)[pri:0, instance:com.orangehrm.tests.ForgotPasswordPageTest@41709512]" started-at="2025-03-28T15:45:22 ICT" name="tearDown" finished-at="2025-03-28T15:45:23 ICT" duration-ms="603" status="PASS">
          <params>
            <param index="0">
              <value>
                <![CDATA[[TestResult name=testForgotPasswordHeaderText status=SUCCESS method=ForgotPasswordPageTest.testForgotPasswordHeaderText()[pri:0, instance:com.orangehrm.tests.ForgotPasswordPageTest@41709512] output={null}]]]>
              </value>
            </param>
          </params>
          <reporter-output>
          </reporter-output>
        </test-method> <!-- tearDown -->
        <test-method is-config="true" signature="generateReport()[pri:0, instance:com.orangehrm.tests.ForgotPasswordPageTest@41709512]" started-at="2025-03-28T15:45:23 ICT" name="generateReport" finished-at="2025-03-28T15:45:24 ICT" duration-ms="869" status="PASS">
          <reporter-output>
          </reporter-output>
        </test-method> <!-- generateReport -->
      </class> <!-- com.orangehrm.tests.ForgotPasswordPageTest -->
    </test> <!-- Orangehrm_ForgotPasswordPage_Sanity_Test -->
  </suite> <!-- Orangehrm_Sanity_Suite -->
</testng-results>
