<?xml version="1.0" encoding="UTF-8"?>
<!-- Generated by org.testng.reporters.JUnitXMLReporter -->
<testsuite ignored="4" hostname="PC-ARIFIN" failures="0" tests="0" time="0.015" errors="0" timestamp="2025-03-30T17:23:08 ICT">
  <testcase classname="com.orangehrm.tests.ForgotPasswordPageTest" name="testCancelButton" time="0.0">
    <ignored/>
  </testcase> <!-- testCancelButton -->
  <testcase classname="com.orangehrm.tests.ForgotPasswordPageTest" name="shouldAllowPasswordResetForValidUsername" time="0.0">
    <ignored/>
  </testcase> <!-- shouldAllowPasswordResetForValidUsername -->
  <testcase classname="com.orangehrm.tests.ForgotPasswordPageTest" name="testLeaveUsernameEmpty" time="0.0">
    <ignored/>
  </testcase> <!-- testLeaveUsernameEmpty -->
  <testcase classname="com.orangehrm.tests.ForgotPasswordPageTest" name="testForgotPasswordHeaderText" time="0.0">
    <ignored/>
  </testcase> <!-- testForgotPasswordHeaderText -->
</testsuite>
