<?xml version="1.0" encoding="UTF-8"?>
<!-- Generated by org.testng.reporters.JUnitXMLReporter -->
<testsuite ignored="5" hostname="PC-ARIFIN" failures="0" tests="1" name="Orangehrm_DashboardPage_Sanity_Test" time="11.589" errors="0" timestamp="2025-03-30T22:53:18 ICT">
  <testcase classname="com.orangehrm.tests.DashboardPageTest" name="testChangePasswordWithValidCredentials" time="4.035"/>
  <testcase classname="com.orangehrm.tests.DashboardPageTest" name="testChangePasswordWithIncorrectConfirmPassword" time="0.0">
    <ignored/>
  </testcase> <!-- testChangePasswordWithIncorrectConfirmPassword -->
  <testcase classname="com.orangehrm.tests.DashboardPageTest" name="testChangePasswordWithIncorrectCurrentPassword" time="0.0">
    <ignored/>
  </testcase> <!-- testChangePasswordWithIncorrectCurrentPassword -->
  <testcase classname="com.orangehrm.tests.DashboardPageTest" name="testSupportButton" time="0.0">
    <ignored/>
  </testcase> <!-- testSupportButton -->
  <testcase classname="com.orangehrm.tests.DashboardPageTest" name="testLogoutPage" time="0.0">
    <ignored/>
  </testcase> <!-- testLogoutPage -->
  <testcase classname="com.orangehrm.tests.DashboardPageTest" name="testAboutButton" time="0.0">
    <ignored/>
  </testcase> <!-- testAboutButton -->
</testsuite> <!-- Orangehrm_DashboardPage_Sanity_Test -->
