<?xml version="1.0" encoding="UTF-8"?>
<!-- Generated by org.testng.reporters.JUnitXMLReporter -->
<testsuite ignored="0" hostname="PC-ARIFIN" failures="0" tests="4" name="Orangehrm_ForgotPasswordPage_Sanity_Test" time="40.464" errors="0" timestamp="2025-03-30T16:58:44 ICT">
  <testcase classname="com.orangehrm.tests.ForgotPasswordPageTest" name="shouldAllowPasswordResetForValidUsername" time="2.511"/>
  <testcase classname="com.orangehrm.tests.ForgotPasswordPageTest" name="testCancelButton" time="1.091"/>
  <testcase classname="com.orangehrm.tests.ForgotPasswordPageTest" name="testForgotPasswordHeaderText" time="0.622"/>
  <testcase classname="com.orangehrm.tests.ForgotPasswordPageTest" name="testLeaveUsernameEmpty" time="0.843"/>
</testsuite> <!-- Orangehrm_ForgotPasswordPage_Sanity_Test -->
