<?xml version="1.0" encoding="UTF-8"?>
<!-- Generated by org.testng.reporters.JUnitXMLReporter -->
<testsuite ignored="7" hostname="PC-ARIFIN" failures="0" tests="0" time="0.015" errors="0" timestamp="2025-03-30T17:23:08 ICT">
  <testcase classname="com.orangehrm.tests.LoginPageTest" name="testLoginWithUnregisterUsernameAndPassword" time="0.0">
    <ignored/>
  </testcase> <!-- testLoginWithUnregisterUsernameAndPassword -->
  <testcase classname="com.orangehrm.tests.LoginPageTest" name="testLogoPresence" time="0.0">
    <ignored/>
  </testcase> <!-- testLogoPresence -->
  <testcase classname="com.orangehrm.tests.LoginPageTest" name="testLoginWithValidCredentials" time="0.0">
    <ignored/>
  </testcase> <!-- testLoginWithValidCredentials -->
  <testcase classname="com.orangehrm.tests.LoginPageTest" name="testLoginWithSQLInjection" time="0.0">
    <ignored/>
  </testcase> <!-- testLoginWithSQLInjection -->
  <testcase classname="com.orangehrm.tests.LoginPageTest" name="testLoginPageTitle" time="0.0">
    <ignored/>
  </testcase> <!-- testLoginPageTitle -->
  <testcase classname="com.orangehrm.tests.LoginPageTest" name="testLoginWithEmptyFields" time="0.0">
    <ignored/>
  </testcase> <!-- testLoginWithEmptyFields -->
  <testcase classname="com.orangehrm.tests.LoginPageTest" name="fieldsOnThePageTest" time="0.0">
    <ignored/>
  </testcase> <!-- fieldsOnThePageTest -->
</testsuite>
